{"kind":"listen","case":"INIT","data":[{"type":"tcp","port":"5000","host":"localhost","protocol":"http","timeout":180000}],"callpoint":"at callpoint (F:\\server\\microservices\\databaseConnector\\node_modules\\seneca\\seneca.js:756:30)","level":300,"isot":"2021-08-26T08:28:08.025Z","when":1629966488025,"level_name":"info","seneca_id":"msxj1fri5slj/1629966487017/30120/3.23.3/-"}
Microservice databaseConnector on port:5000
{"kind":"plugin","case":"READY","name":"transport","level":300,"isot":"2021-08-26T08:28:08.046Z","when":1629966488046,"level_name":"info","seneca_id":"msxj1fri5slj/1629966487017/30120/3.23.3/-","seneca_did":"2kro","plugin_name":"transport"}
{"kind":"plugin","case":"READY","name":"seneca-4wnuf0","level":300,"isot":"2021-08-26T08:28:08.050Z","when":1629966488050,"level_name":"info","seneca_id":"msxj1fri5slj/1629966487017/30120/3.23.3/-","seneca_did":"wmcv","plugin_name":"seneca-4wnuf0"}
{"kind":"plugin","case":"READY","name":"seneca-8uomaf","level":300,"isot":"2021-08-26T08:28:08.054Z","when":1629966488054,"level_name":"info","seneca_id":"msxj1fri5slj/1629966487017/30120/3.23.3/-","seneca_did":"1qln","plugin_name":"seneca-8uomaf"}
{"kind":"plugin","case":"READY","name":"seneca-ooi8qa","level":300,"isot":"2021-08-26T08:28:08.057Z","when":1629966488057,"level_name":"info","seneca_id":"msxj1fri5slj/1629966487017/30120/3.23.3/-","seneca_did":"lr2f","plugin_name":"seneca-ooi8qa"}
{"kind":"plugin","case":"READY","name":"seneca-pjcsow","level":300,"isot":"2021-08-26T08:28:08.062Z","when":1629966488062,"level_name":"info","seneca_id":"msxj1fri5slj/1629966487017/30120/3.23.3/-","seneca_did":"7dpv","plugin_name":"seneca-pjcsow"}
{"kind":"plugin","case":"READY","name":"seneca-i82vgu","level":300,"isot":"2021-08-26T08:28:08.066Z","when":1629966488066,"level_name":"info","seneca_id":"msxj1fri5slj/1629966487017/30120/3.23.3/-","seneca_did":"s0j5","plugin_name":"seneca-i82vgu"}
{"kind":"plugin","case":"READY","name":"seneca-hpdsz2","level":300,"isot":"2021-08-26T08:28:08.072Z","when":1629966488072,"level_name":"info","seneca_id":"msxj1fri5slj/1629966487017/30120/3.23.3/-","seneca_did":"9zo5","plugin_name":"seneca-hpdsz2"}
{"kind":"notice","data":"hello msxj1fri5slj/1629966487017/30120/3.23.3/-","level":300,"isot":"2021-08-26T08:28:08.076Z","when":1629966488076,"level_name":"info","seneca_id":"msxj1fri5slj/1629966487017/30120/3.23.3/-"}
Successfully connected to MongoDB
{"data":["listen","pipe-error",{"type":"tcp","port":5000,"host":"localhost","protocol":"http","timeout":180000,"role":"transport","hook":"listen","plugin$":{"full":"transport","name":"transport","tag":"-"},"tx$":"eo20y4kox7cy"},"Error: read ECONNRESET\n    at TCP.onStreamRead (internal/stream_base_commons.js:209:20)"],"level":500,"isot":"2021-08-26T10:59:32.314Z","when":1629975572314,"level_name":"error","seneca_id":"msxj1fri5slj/1629966487017/30120/3.23.3/-","seneca_did":"g0m1"}
{"data":["listen","pipe-error",{"type":"tcp","port":5000,"host":"localhost","protocol":"http","timeout":180000,"role":"transport","hook":"listen","plugin$":{"full":"transport","name":"transport","tag":"-"},"tx$":"eo20y4kox7cy"},"Error: read ECONNRESET\n    at TCP.onStreamRead (internal/stream_base_commons.js:209:20)"],"level":500,"isot":"2021-08-26T10:59:32.315Z","when":1629975572315,"level_name":"error","seneca_id":"msxj1fri5slj/1629966487017/30120/3.23.3/-","seneca_did":"g0m1"}
{"data":["listen","pipe-error",{"type":"tcp","port":5000,"host":"localhost","protocol":"http","timeout":180000,"role":"transport","hook":"listen","plugin$":{"full":"transport","name":"transport","tag":"-"},"tx$":"eo20y4kox7cy"},"Error: read ECONNRESET\n    at TCP.onStreamRead (internal/stream_base_commons.js:209:20)"],"level":500,"isot":"2021-08-26T11:03:18.646Z","when":1629975798646,"level_name":"error","seneca_id":"msxj1fri5slj/1629966487017/30120/3.23.3/-","seneca_did":"g0m1"}
{"data":["listen","pipe-error",{"type":"tcp","port":5000,"host":"localhost","protocol":"http","timeout":180000,"role":"transport","hook":"listen","plugin$":{"full":"transport","name":"transport","tag":"-"},"tx$":"eo20y4kox7cy"},"Error: read ECONNRESET\n    at TCP.onStreamRead (internal/stream_base_commons.js:209:20)"],"level":500,"isot":"2021-08-26T11:03:57.555Z","when":1629975837555,"level_name":"error","seneca_id":"msxj1fri5slj/1629966487017/30120/3.23.3/-","seneca_did":"g0m1"}
{"data":["listen","pipe-error",{"type":"tcp","port":5000,"host":"localhost","protocol":"http","timeout":180000,"role":"transport","hook":"listen","plugin$":{"full":"transport","name":"transport","tag":"-"},"tx$":"eo20y4kox7cy"},"Error: read ECONNRESET\n    at TCP.onStreamRead (internal/stream_base_commons.js:209:20)"],"level":500,"isot":"2021-08-26T11:10:54.624Z","when":1629976254624,"level_name":"error","seneca_id":"msxj1fri5slj/1629966487017/30120/3.23.3/-","seneca_did":"g0m1"}
{"data":["listen","pipe-error",{"type":"tcp","port":5000,"host":"localhost","protocol":"http","timeout":180000,"role":"transport","hook":"listen","plugin$":{"full":"transport","name":"transport","tag":"-"},"tx$":"eo20y4kox7cy"},"Error: read ECONNRESET\n    at TCP.onStreamRead (internal/stream_base_commons.js:209:20)"],"level":500,"isot":"2021-08-26T11:12:16.876Z","when":1629976336876,"level_name":"error","seneca_id":"msxj1fri5slj/1629966487017/30120/3.23.3/-","seneca_did":"g0m1"}
{"data":["listen","pipe-error",{"type":"tcp","port":5000,"host":"localhost","protocol":"http","timeout":180000,"role":"transport","hook":"listen","plugin$":{"full":"transport","name":"transport","tag":"-"},"tx$":"eo20y4kox7cy"},"Error: read ECONNRESET\n    at TCP.onStreamRead (internal/stream_base_commons.js:209:20)"],"level":500,"isot":"2021-08-26T11:15:05.423Z","when":1629976505423,"level_name":"error","seneca_id":"msxj1fri5slj/1629966487017/30120/3.23.3/-","seneca_did":"g0m1"}
{"data":["listen","pipe-error",{"type":"tcp","port":5000,"host":"localhost","protocol":"http","timeout":180000,"role":"transport","hook":"listen","plugin$":{"full":"transport","name":"transport","tag":"-"},"tx$":"eo20y4kox7cy"},"Error: read ECONNRESET\n    at TCP.onStreamRead (internal/stream_base_commons.js:209:20)"],"level":500,"isot":"2021-08-26T11:16:00.475Z","when":1629976560475,"level_name":"error","seneca_id":"msxj1fri5slj/1629966487017/30120/3.23.3/-","seneca_did":"g0m1"}
{"data":["listen","pipe-error",{"type":"tcp","port":5000,"host":"localhost","protocol":"http","timeout":180000,"role":"transport","hook":"listen","plugin$":{"full":"transport","name":"transport","tag":"-"},"tx$":"eo20y4kox7cy"},"Error: read ECONNRESET\n    at TCP.onStreamRead (internal/stream_base_commons.js:209:20)"],"level":500,"isot":"2021-08-26T11:16:26.132Z","when":1629976586132,"level_name":"error","seneca_id":"msxj1fri5slj/1629966487017/30120/3.23.3/-","seneca_did":"g0m1"}
{"data":["listen","pipe-error",{"type":"tcp","port":5000,"host":"localhost","protocol":"http","timeout":180000,"role":"transport","hook":"listen","plugin$":{"full":"transport","name":"transport","tag":"-"},"tx$":"eo20y4kox7cy"},"Error: read ECONNRESET\n    at TCP.onStreamRead (internal/stream_base_commons.js:209:20)"],"level":500,"isot":"2021-08-26T11:26:44.670Z","when":1629977204670,"level_name":"error","seneca_id":"msxj1fri5slj/1629966487017/30120/3.23.3/-","seneca_did":"g0m1"}
{"kind":"listen","case":"INIT","data":[{"type":"tcp","port":"5000","host":"localhost","protocol":"http","timeout":180000}],"callpoint":"at callpoint (F:\\server\\microservices\\databaseConnector\\node_modules\\seneca\\seneca.js:756:30)","level":300,"isot":"2021-08-26T13:43:25.231Z","when":1629985405231,"level_name":"info","seneca_id":"6s74fxj2tl34/1629985403741/22116/3.23.3/-"}
Microservice databaseConnector on port:5000
{"kind":"plugin","case":"READY","name":"transport","level":300,"isot":"2021-08-26T13:43:25.277Z","when":1629985405277,"level_name":"info","seneca_id":"6s74fxj2tl34/1629985403741/22116/3.23.3/-","seneca_did":"9ycs","plugin_name":"transport"}
Successfully connected to MongoDB
{"kind":"plugin","case":"READY","name":"seneca-zqgihr","level":300,"isot":"2021-08-26T13:43:25.289Z","when":1629985405289,"level_name":"info","seneca_id":"6s74fxj2tl34/1629985403741/22116/3.23.3/-","seneca_did":"cb95","plugin_name":"seneca-zqgihr"}
{"kind":"plugin","case":"READY","name":"seneca-afu3j2","level":300,"isot":"2021-08-26T13:43:25.292Z","when":1629985405292,"level_name":"info","seneca_id":"6s74fxj2tl34/1629985403741/22116/3.23.3/-","seneca_did":"alqr","plugin_name":"seneca-afu3j2"}
{"kind":"plugin","case":"READY","name":"seneca-0stn5q","level":300,"isot":"2021-08-26T13:43:25.296Z","when":1629985405296,"level_name":"info","seneca_id":"6s74fxj2tl34/1629985403741/22116/3.23.3/-","seneca_did":"ovmk","plugin_name":"seneca-0stn5q"}
{"kind":"plugin","case":"READY","name":"seneca-upoezt","level":300,"isot":"2021-08-26T13:43:25.299Z","when":1629985405299,"level_name":"info","seneca_id":"6s74fxj2tl34/1629985403741/22116/3.23.3/-","seneca_did":"ln6w","plugin_name":"seneca-upoezt"}
{"kind":"plugin","case":"READY","name":"seneca-wiaiad","level":300,"isot":"2021-08-26T13:43:25.302Z","when":1629985405302,"level_name":"info","seneca_id":"6s74fxj2tl34/1629985403741/22116/3.23.3/-","seneca_did":"whoh","plugin_name":"seneca-wiaiad"}
{"kind":"plugin","case":"READY","name":"seneca-o9yyg8","level":300,"isot":"2021-08-26T13:43:25.305Z","when":1629985405305,"level_name":"info","seneca_id":"6s74fxj2tl34/1629985403741/22116/3.23.3/-","seneca_did":"da43","plugin_name":"seneca-o9yyg8"}
{"kind":"notice","data":"hello 6s74fxj2tl34/1629985403741/22116/3.23.3/-","level":300,"isot":"2021-08-26T13:43:25.308Z","when":1629985405308,"level_name":"info","seneca_id":"6s74fxj2tl34/1629985403741/22116/3.23.3/-"}
{"data":["listen","pipe-error",{"type":"tcp","port":5000,"host":"localhost","protocol":"http","timeout":180000,"role":"transport","hook":"listen","plugin$":{"full":"transport","name":"transport","tag":"-"},"tx$":"hxe1w2tfjok6"},"Error: read ECONNRESET\n    at TCP.onStreamRead (internal/stream_base_commons.js:209:20)"],"level":500,"isot":"2021-08-26T13:45:24.382Z","when":1629985524382,"level_name":"error","seneca_id":"6s74fxj2tl34/1629985403741/22116/3.23.3/-","seneca_did":"1yrk"}
{"data":["listen","pipe-error",{"type":"tcp","port":5000,"host":"localhost","protocol":"http","timeout":180000,"role":"transport","hook":"listen","plugin$":{"full":"transport","name":"transport","tag":"-"},"tx$":"hxe1w2tfjok6"},"Error: read ECONNRESET\n    at TCP.onStreamRead (internal/stream_base_commons.js:209:20)"],"level":500,"isot":"2021-08-26T13:46:34.147Z","when":1629985594147,"level_name":"error","seneca_id":"6s74fxj2tl34/1629985403741/22116/3.23.3/-","seneca_did":"1yrk"}
{"data":["listen","pipe-error",{"type":"tcp","port":5000,"host":"localhost","protocol":"http","timeout":180000,"role":"transport","hook":"listen","plugin$":{"full":"transport","name":"transport","tag":"-"},"tx$":"hxe1w2tfjok6"},"Error: read ECONNRESET\n    at TCP.onStreamRead (internal/stream_base_commons.js:209:20)"],"level":500,"isot":"2021-08-26T13:50:03.965Z","when":1629985803965,"level_name":"error","seneca_id":"6s74fxj2tl34/1629985403741/22116/3.23.3/-","seneca_did":"1yrk"}
{"kind":"listen","case":"INIT","data":[{"type":"tcp","port":"5000","host":"localhost","protocol":"http","timeout":180000}],"callpoint":"at callpoint (F:\\server\\microservices\\databaseConnector\\node_modules\\seneca\\seneca.js:756:30)","level":300,"isot":"2021-08-27T04:42:23.294Z","when":1630039343294,"level_name":"info","seneca_id":"xabmndlkbcu4/1630039315177/3580/3.23.3/-"}
Microservice databaseConnector on port:5000
{"kind":"plugin","case":"READY","name":"transport","level":300,"isot":"2021-08-27T04:42:23.348Z","when":1630039343348,"level_name":"info","seneca_id":"xabmndlkbcu4/1630039315177/3580/3.23.3/-","seneca_did":"8tq5","plugin_name":"transport"}
{"kind":"plugin","case":"READY","name":"seneca-o4hqwr","level":300,"isot":"2021-08-27T04:42:23.356Z","when":1630039343356,"level_name":"info","seneca_id":"xabmndlkbcu4/1630039315177/3580/3.23.3/-","seneca_did":"4gz2","plugin_name":"seneca-o4hqwr"}
{"kind":"plugin","case":"READY","name":"seneca-1or77m","level":300,"isot":"2021-08-27T04:42:23.364Z","when":1630039343364,"level_name":"info","seneca_id":"xabmndlkbcu4/1630039315177/3580/3.23.3/-","seneca_did":"5zy6","plugin_name":"seneca-1or77m"}
{"kind":"plugin","case":"READY","name":"seneca-uq8ulg","level":300,"isot":"2021-08-27T04:42:23.372Z","when":1630039343372,"level_name":"info","seneca_id":"xabmndlkbcu4/1630039315177/3580/3.23.3/-","seneca_did":"4a0c","plugin_name":"seneca-uq8ulg"}
{"kind":"plugin","case":"READY","name":"seneca-qirdxo","level":300,"isot":"2021-08-27T04:42:23.380Z","when":1630039343380,"level_name":"info","seneca_id":"xabmndlkbcu4/1630039315177/3580/3.23.3/-","seneca_did":"rs53","plugin_name":"seneca-qirdxo"}
{"kind":"plugin","case":"READY","name":"seneca-u8c0gu","level":300,"isot":"2021-08-27T04:42:23.387Z","when":1630039343387,"level_name":"info","seneca_id":"xabmndlkbcu4/1630039315177/3580/3.23.3/-","seneca_did":"cr5w","plugin_name":"seneca-u8c0gu"}
{"kind":"plugin","case":"READY","name":"seneca-b9sfmb","level":300,"isot":"2021-08-27T04:42:23.395Z","when":1630039343395,"level_name":"info","seneca_id":"xabmndlkbcu4/1630039315177/3580/3.23.3/-","seneca_did":"ysdc","plugin_name":"seneca-b9sfmb"}
{"kind":"notice","data":"hello xabmndlkbcu4/1630039315177/3580/3.23.3/-","level":300,"isot":"2021-08-27T04:42:23.406Z","when":1630039343406,"level_name":"info","seneca_id":"xabmndlkbcu4/1630039315177/3580/3.23.3/-"}
Successfully connected to MongoDB
{"data":["listen","pipe-error",{"type":"tcp","port":5000,"host":"localhost","protocol":"http","timeout":180000,"role":"transport","hook":"listen","plugin$":{"full":"transport","name":"transport","tag":"-"},"tx$":"crmx0w8xx38z"},"Error: read ECONNRESET\n    at TCP.onStreamRead (internal/stream_base_commons.js:209:20)"],"level":500,"isot":"2021-08-27T04:44:32.756Z","when":1630039472756,"level_name":"error","seneca_id":"xabmndlkbcu4/1630039315177/3580/3.23.3/-","seneca_did":"xymc"}
{"kind":"listen","case":"INIT","data":[{"type":"tcp","port":"5000","host":"localhost","protocol":"http","timeout":180000}],"callpoint":"at callpoint (F:\\server\\microservices\\databaseConnector\\node_modules\\seneca\\seneca.js:756:30)","level":300,"isot":"2021-08-27T06:21:09.507Z","when":1630045269507,"level_name":"info","seneca_id":"yp639pvyzqz4/1630045264300/8224/3.23.3/-"}
Microservice databaseConnector on port:5000
{"kind":"plugin","case":"READY","name":"transport","level":300,"isot":"2021-08-27T06:21:09.529Z","when":1630045269529,"level_name":"info","seneca_id":"yp639pvyzqz4/1630045264300/8224/3.23.3/-","seneca_did":"yqqu","plugin_name":"transport"}
Successfully connected to MongoDB
{"kind":"plugin","case":"READY","name":"seneca-jmxr2i","level":300,"isot":"2021-08-27T06:21:09.540Z","when":1630045269540,"level_name":"info","seneca_id":"yp639pvyzqz4/1630045264300/8224/3.23.3/-","seneca_did":"ghza","plugin_name":"seneca-jmxr2i"}
{"kind":"plugin","case":"READY","name":"seneca-22de5p","level":300,"isot":"2021-08-27T06:21:09.550Z","when":1630045269550,"level_name":"info","seneca_id":"yp639pvyzqz4/1630045264300/8224/3.23.3/-","seneca_did":"c3nu","plugin_name":"seneca-22de5p"}
{"kind":"plugin","case":"READY","name":"seneca-dec9mz","level":300,"isot":"2021-08-27T06:21:09.553Z","when":1630045269553,"level_name":"info","seneca_id":"yp639pvyzqz4/1630045264300/8224/3.23.3/-","seneca_did":"wrcn","plugin_name":"seneca-dec9mz"}
{"kind":"plugin","case":"READY","name":"seneca-qg0ljf","level":300,"isot":"2021-08-27T06:21:09.556Z","when":1630045269556,"level_name":"info","seneca_id":"yp639pvyzqz4/1630045264300/8224/3.23.3/-","seneca_did":"o0z9","plugin_name":"seneca-qg0ljf"}
{"kind":"plugin","case":"READY","name":"seneca-mnt5zs","level":300,"isot":"2021-08-27T06:21:09.559Z","when":1630045269559,"level_name":"info","seneca_id":"yp639pvyzqz4/1630045264300/8224/3.23.3/-","seneca_did":"98dr","plugin_name":"seneca-mnt5zs"}
{"kind":"plugin","case":"READY","name":"seneca-ylwpjj","level":300,"isot":"2021-08-27T06:21:09.562Z","when":1630045269562,"level_name":"info","seneca_id":"yp639pvyzqz4/1630045264300/8224/3.23.3/-","seneca_did":"pjbv","plugin_name":"seneca-ylwpjj"}
{"kind":"notice","data":"hello yp639pvyzqz4/1630045264300/8224/3.23.3/-","level":300,"isot":"2021-08-27T06:21:09.566Z","when":1630045269566,"level_name":"info","seneca_id":"yp639pvyzqz4/1630045264300/8224/3.23.3/-"}
